#
# There is insufficient memory for the Java Runtime Environment to continue.
# Native memory allocation (malloc) failed to allocate 2056496 bytes for Chunk::new
# Possible reasons:
#   The system is out of physical RAM or swap space
#   The process is running with CompressedOops enabled, and the Java Heap may be blocking the growth of the native heap
# Possible solutions:
#   Reduce memory load on the system
#   Increase physical memory or swap space
#   Check if swap backing store is full
#   Decrease Java heap size (-Xmx/-Xms)
#   Decrease number of Java threads
#   Decrease Java thread stack sizes (-Xss)
#   Set larger code cache with -XX:ReservedCodeCacheSize=
#   JVM is running with Zero Based Compressed Oops mode in which the Java heap is
#     placed in the first 32GB address space. The Java Heap base address is the
#     maximum limit for the native heap growth. Please use -XX:HeapBaseMinAddress
#     to set the Java Heap base and to place the Java Heap above 32GB virtual address.
# This output file may be truncated or incomplete.
#
#  Out of Memory Error (./open/src/hotspot/share/memory/arena.cpp:197), pid=16424, tid=18304
#
# JRE version: Java(TM) SE Runtime Environment 18.9 (11.0.23+7) (build 11.0.23+7-LTS-222)
# Java VM: Java HotSpot(TM) 64-Bit Server VM 18.9 (11.0.23+7-LTS-222, mixed mode, tiered, compressed oops, g1 gc, windows-amd64)
# No core dump will be written. Minidumps are not enabled by default on client versions of Windows
#

---------------  S U M M A R Y ------------

Command Line: -javaagent:C:\Users\user\Desktop\course\intelij\lib\idea_rt.jar=65511:C:\Users\user\Desktop\course\intelij\bin -Dfile.encoding=UTF-8 com.simple.basic.BootBasicApplication

Host: 12th Gen Intel(R) Core(TM) i5-12400, 12 cores, 15G,  Windows 11 , 64 bit Build 22621 (10.0.22621.3958)
Time: Fri Aug 30 09:51:56 2024  Windows 11 , 64 bit Build 22621 (10.0.22621.3958) elapsed time: 2.932219 seconds (0d 0h 0m 2s)

---------------  T H R E A D  ---------------

Current thread (0x00000272ffcbe800):  JavaThread "C2 CompilerThread0" daemon [_thread_in_native, id=18304, stack(0x000000aa86d00000,0x000000aa86e00000)]


Current CompileTask:
C2:   2932 4195       4       org.springframework.beans.factory.support.AbstractBeanFactory::isTypeMatch (607 bytes)

Stack: [0x000000aa86d00000,0x000000aa86e00000]
Native frames: (J=compiled Java code, j=interpreted, Vv=VM code, C=native code)
V  [jvm.dll+0x65524a]
V  [jvm.dll+0x79646f]
V  [jvm.dll+0x797b39]
V  [jvm.dll+0x7981e3]
V  [jvm.dll+0x254ee5]
V  [jvm.dll+0xb310c]
V  [jvm.dll+0xb371c]
V  [jvm.dll+0x35ed01]
V  [jvm.dll+0x32b9f5]
V  [jvm.dll+0x32adda]
V  [jvm.dll+0x20ee5d]
V  [jvm.dll+0x20de2d]
V  [jvm.dll+0x18b291]
V  [jvm.dll+0x21def4]
V  [jvm.dll+0x21c21c]
V  [jvm.dll+0x75a5f1]
V  [jvm.dll+0x752ef4]
V  [jvm.dll+0x6540f5]
C  [ucrtbase.dll+0x29333]
C  [KERNEL32.DLL+0x1257d]
C  [ntdll.dll+0x5af28]


---------------  P R O C E S S  ---------------

Threads class SMR info:
_java_thread_list=0x00000272a0c1ef70, length=31, elements={
0x00000272ffc48000, 0x00000272ffc52000, 0x00000272ffcb8000, 0x00000272ffcba000,
0x00000272ffcbb000, 0x00000272ffcbe800, 0x00000272ffcbf800, 0x00000272ffcc3800,
0x00000272ffe28000, 0x00000272ffe47000, 0x00000272990ec000, 0x000002729995f800,
0x000002729da1a800, 0x000002729be09000, 0x000002729bbe5000, 0x000002729bf7c000,
0x00000272a05e8800, 0x000002729a412800, 0x000002729a414000, 0x000002729a411000,
0x000002729a410000, 0x000002729a415000, 0x000002729a415800, 0x000002729a416800,
0x000002729a411800, 0x000002729d69c000, 0x000002729d698800, 0x000002729d69a800,
0x000002729d697000, 0x000002729d699800, 0x000002729d698000
}

Java Threads: ( => current thread )
  0x00000272ffc48000 JavaThread "Reference Handler" daemon [_thread_blocked, id=4132, stack(0x000000aa86800000,0x000000aa86900000)]
  0x00000272ffc52000 JavaThread "Finalizer" daemon [_thread_blocked, id=14648, stack(0x000000aa86900000,0x000000aa86a00000)]
  0x00000272ffcb8000 JavaThread "Signal Dispatcher" daemon [_thread_blocked, id=17972, stack(0x000000aa86a00000,0x000000aa86b00000)]
  0x00000272ffcba000 JavaThread "Attach Listener" daemon [_thread_blocked, id=1872, stack(0x000000aa86b00000,0x000000aa86c00000)]
  0x00000272ffcbb000 JavaThread "Service Thread" daemon [_thread_blocked, id=17376, stack(0x000000aa86c00000,0x000000aa86d00000)]
=>0x00000272ffcbe800 JavaThread "C2 CompilerThread0" daemon [_thread_in_native, id=18304, stack(0x000000aa86d00000,0x000000aa86e00000)]
  0x00000272ffcbf800 JavaThread "C1 CompilerThread0" daemon [_thread_blocked, id=5608, stack(0x000000aa86e00000,0x000000aa86f00000)]
  0x00000272ffcc3800 JavaThread "Sweeper thread" daemon [_thread_blocked, id=14520, stack(0x000000aa86f00000,0x000000aa87000000)]
  0x00000272ffe28000 JavaThread "Common-Cleaner" daemon [_thread_blocked, id=14064, stack(0x000000aa87000000,0x000000aa87100000)]
  0x00000272ffe47000 JavaThread "C2 CompilerThread1" daemon [_thread_blocked, id=14456, stack(0x000000aa87100000,0x000000aa87200000)]
  0x00000272990ec000 JavaThread "Monitor Ctrl-Break" daemon [_thread_in_native, id=18092, stack(0x000000aa87200000,0x000000aa87300000)]
  0x000002729995f800 JavaThread "C2 CompilerThread2" daemon [_thread_blocked, id=19292, stack(0x000000aa87400000,0x000000aa87500000)]
  0x000002729da1a800 JavaThread "Catalina-utility-1" [_thread_blocked, id=5004, stack(0x000000aa87c00000,0x000000aa87d00000)]
  0x000002729be09000 JavaThread "Catalina-utility-2" [_thread_blocked, id=13908, stack(0x000000aa88100000,0x000000aa88200000)]
  0x000002729bbe5000 JavaThread "container-0" [_thread_blocked, id=9064, stack(0x000000aa88400000,0x000000aa88500000)]
  0x000002729bf7c000 JavaThread "mysql-cj-abandoned-connection-cleanup" daemon [_thread_blocked, id=10536, stack(0x000000aa88500000,0x000000aa88600000)]
  0x00000272a05e8800 JavaThread "File Watcher" daemon [_thread_blocked, id=9380, stack(0x000000aa88600000,0x000000aa88700000)]
  0x000002729a412800 JavaThread "Live Reload Server" daemon [_thread_in_native, id=13128, stack(0x000000aa88800000,0x000000aa88900000)]
  0x000002729a414000 JavaThread "http-nio-8181-exec-1" daemon [_thread_blocked, id=12228, stack(0x000000aa88700000,0x000000aa88800000)]
  0x000002729a411000 JavaThread "http-nio-8181-exec-2" daemon [_thread_blocked, id=13508, stack(0x000000aa88900000,0x000000aa88a00000)]
  0x000002729a410000 JavaThread "http-nio-8181-exec-3" daemon [_thread_blocked, id=17032, stack(0x000000aa88a00000,0x000000aa88b00000)]
  0x000002729a415000 JavaThread "http-nio-8181-exec-4" daemon [_thread_blocked, id=10296, stack(0x000000aa88b00000,0x000000aa88c00000)]
  0x000002729a415800 JavaThread "http-nio-8181-exec-5" daemon [_thread_blocked, id=9080, stack(0x000000aa88c00000,0x000000aa88d00000)]
  0x000002729a416800 JavaThread "http-nio-8181-exec-6" daemon [_thread_blocked, id=5612, stack(0x000000aa88d00000,0x000000aa88e00000)]
  0x000002729a411800 JavaThread "http-nio-8181-exec-7" daemon [_thread_blocked, id=18448, stack(0x000000aa88e00000,0x000000aa88f00000)]
  0x000002729d69c000 JavaThread "http-nio-8181-exec-8" daemon [_thread_blocked, id=6732, stack(0x000000aa88f00000,0x000000aa89000000)]
  0x000002729d698800 JavaThread "http-nio-8181-exec-9" daemon [_thread_blocked, id=6036, stack(0x000000aa89000000,0x000000aa89100000)]
  0x000002729d69a800 JavaThread "http-nio-8181-exec-10" daemon [_thread_blocked, id=4888, stack(0x000000aa89100000,0x000000aa89200000)]
  0x000002729d697000 JavaThread "http-nio-8181-Poller" daemon [_thread_in_native, id=2748, stack(0x000000aa89200000,0x000000aa89300000)]
  0x000002729d699800 JavaThread "http-nio-8181-Acceptor" daemon [_thread_in_native, id=11556, stack(0x000000aa89300000,0x000000aa89400000)]
  0x000002729d698000 JavaThread "DestroyJavaVM" [_thread_blocked, id=6072, stack(0x000000aa86100000,0x000000aa86200000)]

Other Threads:
  0x00000272ff397000 VMThread "VM Thread" [stack: 0x000000aa86700000,0x000000aa86800000] [id=7680]
  0x00000272990f0000 WatcherThread [stack: 0x000000aa87300000,0x000000aa87400000] [id=17076]
  0x00000272f3304000 GCTaskThread "GC Thread#0" [stack: 0x000000aa86200000,0x000000aa86300000] [id=11268]
  0x000002729982a800 GCTaskThread "GC Thread#1" [stack: 0x000000aa87500000,0x000000aa87600000] [id=14472]
  0x0000027299b3b000 GCTaskThread "GC Thread#2" [stack: 0x000000aa87600000,0x000000aa87700000] [id=5864]
  0x00000272998bf000 GCTaskThread "GC Thread#3" [stack: 0x000000aa87700000,0x000000aa87800000] [id=11452]
  0x00000272998bd800 GCTaskThread "GC Thread#4" [stack: 0x000000aa87800000,0x000000aa87900000] [id=11032]
  0x00000272998be000 GCTaskThread "GC Thread#5" [stack: 0x000000aa87900000,0x000000aa87a00000] [id=11932]
  0x00000272998bc000 GCTaskThread "GC Thread#6" [stack: 0x000000aa87d00000,0x000000aa87e00000] [id=3572]
  0x00000272998bc800 GCTaskThread "GC Thread#7" [stack: 0x000000aa87e00000,0x000000aa87f00000] [id=19216]
  0x00000272998bf800 GCTaskThread "GC Thread#8" [stack: 0x000000aa88200000,0x000000aa88300000] [id=11340]
  0x00000272998bb000 GCTaskThread "GC Thread#9" [stack: 0x000000aa88300000,0x000000aa88400000] [id=19396]
  0x00000272f3360000 ConcurrentGCThread "G1 Main Marker" [stack: 0x000000aa86300000,0x000000aa86400000] [id=18680]
  0x00000272f3362000 ConcurrentGCThread "G1 Conc#0" [stack: 0x000000aa86400000,0x000000aa86500000] [id=9484]
  0x00000272998ba800 ConcurrentGCThread "G1 Conc#1" [stack: 0x000000aa87f00000,0x000000aa88000000] [id=9624]
  0x00000272998b8800 ConcurrentGCThread "G1 Conc#2" [stack: 0x000000aa88000000,0x000000aa88100000] [id=1676]
  0x00000272ff27c800 ConcurrentGCThread "G1 Refine#0" [stack: 0x000000aa86500000,0x000000aa86600000] [id=14320]
  0x00000272ff27e000 ConcurrentGCThread "G1 Young RemSet Sampling" [stack: 0x000000aa86600000,0x000000aa86700000] [id=6944]

Threads with active compile tasks:
C2 CompilerThread0     2954 4195       4       org.springframework.beans.factory.support.AbstractBeanFactory::isTypeMatch (607 bytes)

VM state:not at safepoint (normal execution)

VM Mutex/Monitor currently owned by a thread: None

Heap address: 0x0000000704600000, size: 4026 MB, Compressed Oops mode: Zero based, Oop shift amount: 3
Narrow klass base: 0x0000000800000000, Narrow klass shift: 0
Compressed class space size: 1073741824 Address: 0x0000000800000000

Heap:
 garbage-first heap   total 258048K, used 98224K [0x0000000704600000, 0x0000000800000000)
  region size 1024K, 93 young (95232K), 8 survivors (8192K)
 Metaspace       used 46155K, capacity 47299K, committed 47616K, reserved 1091584K
  class space    used 5587K, capacity 6070K, committed 6144K, reserved 1048576K
Heap Regions: E=young(eden), S=young(survivor), O=old, HS=humongous(starts), HC=humongous(continues), CS=collection set, F=free, A=archive, TAMS=top-at-mark-start (previous, next)
|   0|0x0000000704600000, 0x0000000704700000, 0x0000000704700000|100%| O|  |TAMS 0x0000000704700000, 0x0000000704600000| Untracked 
|   1|0x0000000704700000, 0x0000000704800000, 0x0000000704800000|100%| O|  |TAMS 0x0000000704800000, 0x0000000704700000| Untracked 
|   2|0x0000000704800000, 0x0000000704900000, 0x0000000704900000|100%| O|  |TAMS 0x0000000704900000, 0x0000000704800000| Untracked 
|   3|0x0000000704900000, 0x0000000704a00000, 0x0000000704a00000|100%| O|  |TAMS 0x0000000704a00000, 0x0000000704900000| Untracked 
|   4|0x0000000704a00000, 0x0000000704ac4400, 0x0000000704b00000| 76%| O|  |TAMS 0x0000000704ac4400, 0x0000000704a00000| Untracked 
|   5|0x0000000704b00000, 0x0000000704b00000, 0x0000000704c00000|  0%| F|  |TAMS 0x0000000704b00000, 0x0000000704b00000| Untracked 
|   6|0x0000000704c00000, 0x0000000704c00000, 0x0000000704d00000|  0%| F|  |TAMS 0x0000000704c00000, 0x0000000704c00000| Untracked 
|   7|0x0000000704d00000, 0x0000000704d00000, 0x0000000704e00000|  0%| F|  |TAMS 0x0000000704d00000, 0x0000000704d00000| Untracked 
|   8|0x0000000704e00000, 0x0000000704e00000, 0x0000000704f00000|  0%| F|  |TAMS 0x0000000704e00000, 0x0000000704e00000| Untracked 
|   9|0x0000000704f00000, 0x0000000704f00000, 0x0000000705000000|  0%| F|  |TAMS 0x0000000704f00000, 0x0000000704f00000| Untracked 
|  10|0x0000000705000000, 0x0000000705000000, 0x0000000705100000|  0%| F|  |TAMS 0x0000000705000000, 0x0000000705000000| Untracked 
|  11|0x0000000705100000, 0x0000000705100000, 0x0000000705200000|  0%| F|  |TAMS 0x0000000705100000, 0x0000000705100000| Untracked 
|  12|0x0000000705200000, 0x0000000705200000, 0x0000000705300000|  0%| F|  |TAMS 0x0000000705200000, 0x0000000705200000| Untracked 
|  13|0x0000000705300000, 0x0000000705300000, 0x0000000705400000|  0%| F|  |TAMS 0x0000000705300000, 0x0000000705300000| Untracked 
|  14|0x0000000705400000, 0x0000000705400000, 0x0000000705500000|  0%| F|  |TAMS 0x0000000705400000, 0x0000000705400000| Untracked 
|  15|0x0000000705500000, 0x0000000705500000, 0x0000000705600000|  0%| F|  |TAMS 0x0000000705500000, 0x0000000705500000| Untracked 
|  16|0x0000000705600000, 0x0000000705600000, 0x0000000705700000|  0%| F|  |TAMS 0x0000000705600000, 0x0000000705600000| Untracked 
|  17|0x0000000705700000, 0x0000000705700000, 0x0000000705800000|  0%| F|  |TAMS 0x0000000705700000, 0x0000000705700000| Untracked 
|  18|0x0000000705800000, 0x0000000705800000, 0x0000000705900000|  0%| F|  |TAMS 0x0000000705800000, 0x0000000705800000| Untracked 
|  19|0x0000000705900000, 0x0000000705900000, 0x0000000705a00000|  0%| F|  |TAMS 0x0000000705900000, 0x0000000705900000| Untracked 
|  20|0x0000000705a00000, 0x0000000705a00000, 0x0000000705b00000|  0%| F|  |TAMS 0x0000000705a00000, 0x0000000705a00000| Untracked 
|  21|0x0000000705b00000, 0x0000000705b00000, 0x0000000705c00000|  0%| F|  |TAMS 0x0000000705b00000, 0x0000000705b00000| Untracked 
|  22|0x0000000705c00000, 0x0000000705c00000, 0x0000000705d00000|  0%| F|  |TAMS 0x0000000705c00000, 0x0000000705c00000| Untracked 
|  23|0x0000000705d00000, 0x0000000705d00000, 0x0000000705e00000|  0%| F|  |TAMS 0x0000000705d00000, 0x0000000705d00000| Untracked 
|  24|0x0000000705e00000, 0x0000000705e00000, 0x0000000705f00000|  0%| F|  |TAMS 0x0000000705e00000, 0x0000000705e00000| Untracked 
|  25|0x0000000705f00000, 0x0000000705f00000, 0x0000000706000000|  0%| F|  |TAMS 0x0000000705f00000, 0x0000000705f00000| Untracked 
|  26|0x0000000706000000, 0x0000000706000000, 0x0000000706100000|  0%| F|  |TAMS 0x0000000706000000, 0x0000000706000000| Untracked 
|  27|0x0000000706100000, 0x0000000706100000, 0x0000000706200000|  0%| F|  |TAMS 0x0000000706100000, 0x0000000706100000| Untracked 
|  28|0x0000000706200000, 0x0000000706200000, 0x0000000706300000|  0%| F|  |TAMS 0x0000000706200000, 0x0000000706200000| Untracked 
|  29|0x0000000706300000, 0x0000000706300000, 0x0000000706400000|  0%| F|  |TAMS 0x0000000706300000, 0x0000000706300000| Untracked 
|  30|0x0000000706400000, 0x0000000706400000, 0x0000000706500000|  0%| F|  |TAMS 0x0000000706400000, 0x0000000706400000| Untracked 
|  31|0x0000000706500000, 0x0000000706500000, 0x0000000706600000|  0%| F|  |TAMS 0x0000000706500000, 0x0000000706500000| Untracked 
|  32|0x0000000706600000, 0x0000000706600000, 0x0000000706700000|  0%| F|  |TAMS 0x0000000706600000, 0x0000000706600000| Untracked 
|  33|0x0000000706700000, 0x0000000706700000, 0x0000000706800000|  0%| F|  |TAMS 0x0000000706700000, 0x0000000706700000| Untracked 
|  34|0x0000000706800000, 0x0000000706800000, 0x0000000706900000|  0%| F|  |TAMS 0x0000000706800000, 0x0000000706800000| Untracked 
|  35|0x0000000706900000, 0x0000000706900000, 0x0000000706a00000|  0%| F|  |TAMS 0x0000000706900000, 0x0000000706900000| Untracked 
|  36|0x0000000706a00000, 0x0000000706a00000, 0x0000000706b00000|  0%| F|  |TAMS 0x0000000706a00000, 0x0000000706a00000| Untracked 
|  37|0x0000000706b00000, 0x0000000706b00000, 0x0000000706c00000|  0%| F|  |TAMS 0x0000000706b00000, 0x0000000706b00000| Untracked 
|  38|0x0000000706c00000, 0x0000000706c00000, 0x0000000706d00000|  0%| F|  |TAMS 0x0000000706c00000, 0x0000000706c00000| Untracked 
|  39|0x0000000706d00000, 0x0000000706d00000, 0x0000000706e00000|  0%| F|  |TAMS 0x0000000706d00000, 0x0000000706d00000| Untracked 
|  40|0x0000000706e00000, 0x0000000706e00000, 0x0000000706f00000|  0%| F|  |TAMS 0x0000000706e00000, 0x0000000706e00000| Untracked 
|  41|0x0000000706f00000, 0x0000000706f00000, 0x0000000707000000|  0%| F|  |TAMS 0x0000000706f00000, 0x0000000706f00000| Untracked 
|  42|0x0000000707000000, 0x0000000707000000, 0x0000000707100000|  0%| F|  |TAMS 0x0000000707000000, 0x0000000707000000| Untracked 
|  43|0x0000000707100000, 0x0000000707100000, 0x0000000707200000|  0%| F|  |TAMS 0x0000000707100000, 0x0000000707100000| Untracked 
|  44|0x0000000707200000, 0x0000000707200000, 0x0000000707300000|  0%| F|  |TAMS 0x0000000707200000, 0x0000000707200000| Untracked 
|  45|0x0000000707300000, 0x0000000707300000, 0x0000000707400000|  0%| F|  |TAMS 0x0000000707300000, 0x0000000707300000| Untracked 
|  46|0x0000000707400000, 0x0000000707400000, 0x0000000707500000|  0%| F|  |TAMS 0x0000000707400000, 0x0000000707400000| Untracked 
|  47|0x0000000707500000, 0x0000000707500000, 0x0000000707600000|  0%| F|  |TAMS 0x0000000707500000, 0x0000000707500000| Untracked 
|  48|0x0000000707600000, 0x0000000707600000, 0x0000000707700000|  0%| F|  |TAMS 0x0000000707600000, 0x0000000707600000| Untracked 
|  49|0x0000000707700000, 0x0000000707700000, 0x0000000707800000|  0%| F|  |TAMS 0x0000000707700000, 0x0000000707700000| Untracked 
|  50|0x0000000707800000, 0x0000000707800000, 0x0000000707900000|  0%| F|  |TAMS 0x0000000707800000, 0x0000000707800000| Untracked 
|  51|0x0000000707900000, 0x0000000707900000, 0x0000000707a00000|  0%| F|  |TAMS 0x0000000707900000, 0x0000000707900000| Untracked 
|  52|0x0000000707a00000, 0x0000000707a00000, 0x0000000707b00000|  0%| F|  |TAMS 0x0000000707a00000, 0x0000000707a00000| Untracked 
|  53|0x0000000707b00000, 0x0000000707b00000, 0x0000000707c00000|  0%| F|  |TAMS 0x0000000707b00000, 0x0000000707b00000| Untracked 
|  54|0x0000000707c00000, 0x0000000707c00000, 0x0000000707d00000|  0%| F|  |TAMS 0x0000000707c00000, 0x0000000707c00000| Untracked 
|  55|0x0000000707d00000, 0x0000000707d00000, 0x0000000707e00000|  0%| F|  |TAMS 0x0000000707d00000, 0x0000000707d00000| Untracked 
|  56|0x0000000707e00000, 0x0000000707e00000, 0x0000000707f00000|  0%| F|  |TAMS 0x0000000707e00000, 0x0000000707e00000| Untracked 
|  57|0x0000000707f00000, 0x0000000707f00000, 0x0000000708000000|  0%| F|  |TAMS 0x0000000707f00000, 0x0000000707f00000| Untracked 
|  58|0x0000000708000000, 0x0000000708000000, 0x0000000708100000|  0%| F|  |TAMS 0x0000000708000000, 0x0000000708000000| Untracked 
|  59|0x0000000708100000, 0x0000000708100000, 0x0000000708200000|  0%| F|  |TAMS 0x0000000708100000, 0x0000000708100000| Untracked 
|  60|0x0000000708200000, 0x0000000708200000, 0x0000000708300000|  0%| F|  |TAMS 0x0000000708200000, 0x0000000708200000| Untracked 
|  61|0x0000000708300000, 0x0000000708300000, 0x0000000708400000|  0%| F|  |TAMS 0x0000000708300000, 0x0000000708300000| Untracked 
|  62|0x0000000708400000, 0x0000000708400000, 0x0000000708500000|  0%| F|  |TAMS 0x0000000708400000, 0x0000000708400000| Untracked 
|  63|0x0000000708500000, 0x0000000708500000, 0x0000000708600000|  0%| F|  |TAMS 0x0000000708500000, 0x0000000708500000| Untracked 
|  64|0x0000000708600000, 0x0000000708600000, 0x0000000708700000|  0%| F|  |TAMS 0x0000000708600000, 0x0000000708600000| Untracked 
|  65|0x0000000708700000, 0x0000000708700000, 0x0000000708800000|  0%| F|  |TAMS 0x0000000708700000, 0x0000000708700000| Untracked 
|  66|0x0000000708800000, 0x0000000708800000, 0x0000000708900000|  0%| F|  |TAMS 0x0000000708800000, 0x0000000708800000| Untracked 
|  67|0x0000000708900000, 0x0000000708900000, 0x0000000708a00000|  0%| F|  |TAMS 0x0000000708900000, 0x0000000708900000| Untracked 
|  68|0x0000000708a00000, 0x0000000708a00000, 0x0000000708b00000|  0%| F|  |TAMS 0x0000000708a00000, 0x0000000708a00000| Untracked 
|  69|0x0000000708b00000, 0x0000000708b00000, 0x0000000708c00000|  0%| F|  |TAMS 0x0000000708b00000, 0x0000000708b00000| Untracked 
|  70|0x0000000708c00000, 0x0000000708c00000, 0x0000000708d00000|  0%| F|  |TAMS 0x0000000708c00000, 0x0000000708c00000| Untracked 
|  71|0x0000000708d00000, 0x0000000708d00000, 0x0000000708e00000|  0%| F|  |TAMS 0x0000000708d00000, 0x0000000708d00000| Untracked 
|  72|0x0000000708e00000, 0x0000000708e00000, 0x0000000708f00000|  0%| F|  |TAMS 0x0000000708e00000, 0x0000000708e00000| Untracked 
|  73|0x0000000708f00000, 0x0000000708f00000, 0x0000000709000000|  0%| F|  |TAMS 0x0000000708f00000, 0x0000000708f00000| Untracked 
|  74|0x0000000709000000, 0x0000000709000000, 0x0000000709100000|  0%| F|  |TAMS 0x0000000709000000, 0x0000000709000000| Untracked 
|  75|0x0000000709100000, 0x0000000709100000, 0x0000000709200000|  0%| F|  |TAMS 0x0000000709100000, 0x0000000709100000| Untracked 
|  76|0x0000000709200000, 0x0000000709200000, 0x0000000709300000|  0%| F|  |TAMS 0x0000000709200000, 0x0000000709200000| Untracked 
|  77|0x0000000709300000, 0x0000000709300000, 0x0000000709400000|  0%| F|  |TAMS 0x0000000709300000, 0x0000000709300000| Untracked 
|  78|0x0000000709400000, 0x0000000709400000, 0x0000000709500000|  0%| F|  |TAMS 0x0000000709400000, 0x0000000709400000| Untracked 
|  79|0x0000000709500000, 0x0000000709500000, 0x0000000709600000|  0%| F|  |TAMS 0x0000000709500000, 0x0000000709500000| Untracked 
|  80|0x0000000709600000, 0x0000000709600000, 0x0000000709700000|  0%| F|  |TAMS 0x0000000709600000, 0x0000000709600000| Untracked 
|  81|0x0000000709700000, 0x0000000709700000, 0x0000000709800000|  0%| F|  |TAMS 0x0000000709700000, 0x0000000709700000| Untracked 
|  82|0x0000000709800000, 0x0000000709800000, 0x0000000709900000|  0%| F|  |TAMS 0x0000000709800000, 0x0000000709800000| Untracked 
|  83|0x0000000709900000, 0x0000000709900000, 0x0000000709a00000|  0%| F|  |TAMS 0x0000000709900000, 0x0000000709900000| Untracked 
|  84|0x0000000709a00000, 0x0000000709a00000, 0x0000000709b00000|  0%| F|  |TAMS 0x0000000709a00000, 0x0000000709a00000| Untracked 
|  85|0x0000000709b00000, 0x0000000709b00000, 0x0000000709c00000|  0%| F|  |TAMS 0x0000000709b00000, 0x0000000709b00000| Untracked 
|  86|0x0000000709c00000, 0x0000000709c00000, 0x0000000709d00000|  0%| F|  |TAMS 0x0000000709c00000, 0x0000000709c00000| Untracked 
|  87|0x0000000709d00000, 0x0000000709d00000, 0x0000000709e00000|  0%| F|  |TAMS 0x0000000709d00000, 0x0000000709d00000| Untracked 
|  88|0x0000000709e00000, 0x0000000709e00000, 0x0000000709f00000|  0%| F|  |TAMS 0x0000000709e00000, 0x0000000709e00000| Untracked 
|  89|0x0000000709f00000, 0x0000000709f00000, 0x000000070a000000|  0%| F|  |TAMS 0x0000000709f00000, 0x0000000709f00000| Untracked 
|  90|0x000000070a000000, 0x000000070a000000, 0x000000070a100000|  0%| F|  |TAMS 0x000000070a000000, 0x000000070a000000| Untracked 
|  91|0x000000070a100000, 0x000000070a100000, 0x000000070a200000|  0%| F|  |TAMS 0x000000070a100000, 0x000000070a100000| Untracked 
|  92|0x000000070a200000, 0x000000070a200000, 0x000000070a300000|  0%| F|  |TAMS 0x000000070a200000, 0x000000070a200000| Untracked 
|  93|0x000000070a300000, 0x000000070a300000, 0x000000070a400000|  0%| F|  |TAMS 0x000000070a300000, 0x000000070a300000| Untracked 
|  94|0x000000070a400000, 0x000000070a400000, 0x000000070a500000|  0%| F|  |TAMS 0x000000070a400000, 0x000000070a400000| Untracked 
|  95|0x000000070a500000, 0x000000070a500000, 0x000000070a600000|  0%| F|  |TAMS 0x000000070a500000, 0x000000070a500000| Untracked 
|  96|0x000000070a600000, 0x000000070a600000, 0x000000070a700000|  0%| F|  |TAMS 0x000000070a600000, 0x000000070a600000| Untracked 
|  97|0x000000070a700000, 0x000000070a700000, 0x000000070a800000|  0%| F|  |TAMS 0x000000070a700000, 0x000000070a700000| Untracked 
|  98|0x000000070a800000, 0x000000070a800000, 0x000000070a900000|  0%| F|  |TAMS 0x000000070a800000, 0x000000070a800000| Untracked 
|  99|0x000000070a900000, 0x000000070a900000, 0x000000070aa00000|  0%| F|  |TAMS 0x000000070a900000, 0x000000070a900000| Untracked 
| 100|0x000000070aa00000, 0x000000070aa00000, 0x000000070ab00000|  0%| F|  |TAMS 0x000000070aa00000, 0x000000070aa00000| Untracked 
| 101|0x000000070ab00000, 0x000000070ab00000, 0x000000070ac00000|  0%| F|  |TAMS 0x000000070ab00000, 0x000000070ab00000| Untracked 
| 102|0x000000070ac00000, 0x000000070ac00000, 0x000000070ad00000|  0%| F|  |TAMS 0x000000070ac00000, 0x000000070ac00000| Untracked 
| 103|0x000000070ad00000, 0x000000070ad00000, 0x000000070ae00000|  0%| F|  |TAMS 0x000000070ad00000, 0x000000070ad00000| Untracked 
| 104|0x000000070ae00000, 0x000000070ae00000, 0x000000070af00000|  0%| F|  |TAMS 0x000000070ae00000, 0x000000070ae00000| Untracked 
| 105|0x000000070af00000, 0x000000070af00000, 0x000000070b000000|  0%| F|  |TAMS 0x000000070af00000, 0x000000070af00000| Untracked 
| 106|0x000000070b000000, 0x000000070b000000, 0x000000070b100000|  0%| F|  |TAMS 0x000000070b000000, 0x000000070b000000| Untracked 
| 107|0x000000070b100000, 0x000000070b100000, 0x000000070b200000|  0%| F|  |TAMS 0x000000070b100000, 0x000000070b100000| Untracked 
| 108|0x000000070b200000, 0x000000070b200000, 0x000000070b300000|  0%| F|  |TAMS 0x000000070b200000, 0x000000070b200000| Untracked 
| 109|0x000000070b300000, 0x000000070b300000, 0x000000070b400000|  0%| F|  |TAMS 0x000000070b300000, 0x000000070b300000| Untracked 
| 110|0x000000070b400000, 0x000000070b400000, 0x000000070b500000|  0%| F|  |TAMS 0x000000070b400000, 0x000000070b400000| Untracked 
| 111|0x000000070b500000, 0x000000070b500000, 0x000000070b600000|  0%| F|  |TAMS 0x000000070b500000, 0x000000070b500000| Untracked 
| 112|0x000000070b600000, 0x000000070b600000, 0x000000070b700000|  0%| F|  |TAMS 0x000000070b600000, 0x000000070b600000| Untracked 
| 113|0x000000070b700000, 0x000000070b700000, 0x000000070b800000|  0%| F|  |TAMS 0x000000070b700000, 0x000000070b700000| Untracked 
| 114|0x000000070b800000, 0x000000070b800000, 0x000000070b900000|  0%| F|  |TAMS 0x000000070b800000, 0x000000070b800000| Untracked 
| 115|0x000000070b900000, 0x000000070b900000, 0x000000070ba00000|  0%| F|  |TAMS 0x000000070b900000, 0x000000070b900000| Untracked 
| 116|0x000000070ba00000, 0x000000070ba00000, 0x000000070bb00000|  0%| F|  |TAMS 0x000000070ba00000, 0x000000070ba00000| Untracked 
| 117|0x000000070bb00000, 0x000000070bb00000, 0x000000070bc00000|  0%| F|  |TAMS 0x000000070bb00000, 0x000000070bb00000| Untracked 
| 118|0x000000070bc00000, 0x000000070bc00000, 0x000000070bd00000|  0%| F|  |TAMS 0x000000070bc00000, 0x000000070bc00000| Untracked 
| 119|0x000000070bd00000, 0x000000070bd00000, 0x000000070be00000|  0%| F|  |TAMS 0x000000070bd00000, 0x000000070bd00000| Untracked 
| 120|0x000000070be00000, 0x000000070be00000, 0x000000070bf00000|  0%| F|  |TAMS 0x000000070be00000, 0x000000070be00000| Untracked 
| 121|0x000000070bf00000, 0x000000070bf00000, 0x000000070c000000|  0%| F|  |TAMS 0x000000070bf00000, 0x000000070bf00000| Untracked 
| 122|0x000000070c000000, 0x000000070c000000, 0x000000070c100000|  0%| F|  |TAMS 0x000000070c000000, 0x000000070c000000| Untracked 
| 123|0x000000070c100000, 0x000000070c100000, 0x000000070c200000|  0%| F|  |TAMS 0x000000070c100000, 0x000000070c100000| Untracked 
| 124|0x000000070c200000, 0x000000070c200000, 0x000000070c300000|  0%| F|  |TAMS 0x000000070c200000, 0x000000070c200000| Untracked 
| 125|0x000000070c300000, 0x000000070c300000, 0x000000070c400000|  0%| F|  |TAMS 0x000000070c300000, 0x000000070c300000| Untracked 
| 126|0x000000070c400000, 0x000000070c400000, 0x000000070c500000|  0%| F|  |TAMS 0x000000070c400000, 0x000000070c400000| Untracked 
| 127|0x000000070c500000, 0x000000070c500000, 0x000000070c600000|  0%| F|  |TAMS 0x000000070c500000, 0x000000070c500000| Untracked 
| 128|0x000000070c600000, 0x000000070c600000, 0x000000070c700000|  0%| F|  |TAMS 0x000000070c600000, 0x000000070c600000| Untracked 
| 129|0x000000070c700000, 0x000000070c700000, 0x000000070c800000|  0%| F|  |TAMS 0x000000070c700000, 0x000000070c700000| Untracked 
| 130|0x000000070c800000, 0x000000070c800000, 0x000000070c900000|  0%| F|  |TAMS 0x000000070c800000, 0x000000070c800000| Untracked 
| 131|0x000000070c900000, 0x000000070c900000, 0x000000070ca00000|  0%| F|  |TAMS 0x000000070c900000, 0x000000070c900000| Untracked 
| 132|0x000000070ca00000, 0x000000070ca00000, 0x000000070cb00000|  0%| F|  |TAMS 0x000000070ca00000, 0x000000070ca00000| Untracked 
| 133|0x000000070cb00000, 0x000000070cb00000, 0x000000070cc00000|  0%| F|  |TAMS 0x000000070cb00000, 0x000000070cb00000| Untracked 
| 134|0x000000070cc00000, 0x000000070cc00000, 0x000000070cd00000|  0%| F|  |TAMS 0x000000070cc00000, 0x000000070cc00000| Untracked 
| 135|0x000000070cd00000, 0x000000070cd00000, 0x000000070ce00000|  0%| F|  |TAMS 0x000000070cd00000, 0x000000070cd00000| Untracked 
| 136|0x000000070ce00000, 0x000000070ce00000, 0x000000070cf00000|  0%| F|  |TAMS 0x000000070ce00000, 0x000000070ce00000| Untracked 
| 137|0x000000070cf00000, 0x000000070cf00000, 0x000000070d000000|  0%| F|  |TAMS 0x000000070cf00000, 0x000000070cf00000| Untracked 
| 138|0x000000070d000000, 0x000000070d000000, 0x000000070d100000|  0%| F|  |TAMS 0x000000070d000000, 0x000000070d000000| Untracked 
| 139|0x000000070d100000, 0x000000070d100000, 0x000000070d200000|  0%| F|  |TAMS 0x000000070d100000, 0x000000070d100000| Untracked 
| 140|0x000000070d200000, 0x000000070d200000, 0x000000070d300000|  0%| F|  |TAMS 0x000000070d200000, 0x000000070d200000| Untracked 
| 141|0x000000070d300000, 0x000000070d300000, 0x000000070d400000|  0%| F|  |TAMS 0x000000070d300000, 0x000000070d300000| Untracked 
| 142|0x000000070d400000, 0x000000070d400000, 0x000000070d500000|  0%| F|  |TAMS 0x000000070d400000, 0x000000070d400000| Untracked 
| 143|0x000000070d500000, 0x000000070d500000, 0x000000070d600000|  0%| F|  |TAMS 0x000000070d500000, 0x000000070d500000| Untracked 
| 144|0x000000070d600000, 0x000000070d600000, 0x000000070d700000|  0%| F|  |TAMS 0x000000070d600000, 0x000000070d600000| Untracked 
| 145|0x000000070d700000, 0x000000070d700000, 0x000000070d800000|  0%| F|  |TAMS 0x000000070d700000, 0x000000070d700000| Untracked 
| 146|0x000000070d800000, 0x000000070d800000, 0x000000070d900000|  0%| F|  |TAMS 0x000000070d800000, 0x000000070d800000| Untracked 
| 147|0x000000070d900000, 0x000000070d900000, 0x000000070da00000|  0%| F|  |TAMS 0x000000070d900000, 0x000000070d900000| Untracked 
| 148|0x000000070da00000, 0x000000070da00000, 0x000000070db00000|  0%| F|  |TAMS 0x000000070da00000, 0x000000070da00000| Untracked 
| 149|0x000000070db00000, 0x000000070db00000, 0x000000070dc00000|  0%| F|  |TAMS 0x000000070db00000, 0x000000070db00000| Untracked 
| 150|0x000000070dc00000, 0x000000070dc00000, 0x000000070dd00000|  0%| F|  |TAMS 0x000000070dc00000, 0x000000070dc00000| Untracked 
| 151|0x000000070dd00000, 0x000000070dd00000, 0x000000070de00000|  0%| F|  |TAMS 0x000000070dd00000, 0x000000070dd00000| Untracked 
| 152|0x000000070de00000, 0x000000070de00000, 0x000000070df00000|  0%| F|  |TAMS 0x000000070de00000, 0x000000070de00000| Untracked 
| 153|0x000000070df00000, 0x000000070df00000, 0x000000070e000000|  0%| F|  |TAMS 0x000000070df00000, 0x000000070df00000| Untracked 
| 154|0x000000070e000000, 0x000000070e000000, 0x000000070e100000|  0%| F|  |TAMS 0x000000070e000000, 0x000000070e000000| Untracked 
| 155|0x000000070e100000, 0x000000070e100000, 0x000000070e200000|  0%| F|  |TAMS 0x000000070e100000, 0x000000070e100000| Untracked 
| 156|0x000000070e200000, 0x000000070e200000, 0x000000070e300000|  0%| F|  |TAMS 0x000000070e200000, 0x000000070e200000| Untracked 
| 157|0x000000070e300000, 0x000000070e300000, 0x000000070e400000|  0%| F|  |TAMS 0x000000070e300000, 0x000000070e300000| Untracked 
| 158|0x000000070e400000, 0x000000070e400000, 0x000000070e500000|  0%| F|  |TAMS 0x000000070e400000, 0x000000070e400000| Untracked 
| 159|0x000000070e500000, 0x000000070e500800, 0x000000070e600000|  0%| E|  |TAMS 0x000000070e500000, 0x000000070e500000| Complete 
| 160|0x000000070e600000, 0x000000070e700000, 0x000000070e700000|100%| E|CS|TAMS 0x000000070e600000, 0x000000070e600000| Complete 
| 161|0x000000070e700000, 0x000000070e800000, 0x000000070e800000|100%| E|CS|TAMS 0x000000070e700000, 0x000000070e700000| Complete 
| 162|0x000000070e800000, 0x000000070e900000, 0x000000070e900000|100%| E|CS|TAMS 0x000000070e800000, 0x000000070e800000| Complete 
| 163|0x000000070e900000, 0x000000070ea00000, 0x000000070ea00000|100%| E|CS|TAMS 0x000000070e900000, 0x000000070e900000| Complete 
| 164|0x000000070ea00000, 0x000000070eb00000, 0x000000070eb00000|100%| E|CS|TAMS 0x000000070ea00000, 0x000000070ea00000| Complete 
| 165|0x000000070eb00000, 0x000000070ec00000, 0x000000070ec00000|100%| E|CS|TAMS 0x000000070eb00000, 0x000000070eb00000| Complete 
| 166|0x000000070ec00000, 0x000000070ed00000, 0x000000070ed00000|100%| E|CS|TAMS 0x000000070ec00000, 0x000000070ec00000| Complete 
| 167|0x000000070ed00000, 0x000000070ee00000, 0x000000070ee00000|100%| E|CS|TAMS 0x000000070ed00000, 0x000000070ed00000| Complete 
| 168|0x000000070ee00000, 0x000000070ef00000, 0x000000070ef00000|100%| E|CS|TAMS 0x000000070ee00000, 0x000000070ee00000| Complete 
| 169|0x000000070ef00000, 0x000000070f000000, 0x000000070f000000|100%| E|CS|TAMS 0x000000070ef00000, 0x000000070ef00000| Complete 
| 170|0x000000070f000000, 0x000000070f100000, 0x000000070f100000|100%| E|CS|TAMS 0x000000070f000000, 0x000000070f000000| Complete 
| 171|0x000000070f100000, 0x000000070f200000, 0x000000070f200000|100%| E|CS|TAMS 0x000000070f100000, 0x000000070f100000| Complete 
| 172|0x000000070f200000, 0x000000070f300000, 0x000000070f300000|100%| E|CS|TAMS 0x000000070f200000, 0x000000070f200000| Complete 
| 173|0x000000070f300000, 0x000000070f400000, 0x000000070f400000|100%| E|CS|TAMS 0x000000070f300000, 0x000000070f300000| Complete 
| 174|0x000000070f400000, 0x000000070f500000, 0x000000070f500000|100%| E|CS|TAMS 0x000000070f400000, 0x000000070f400000| Complete 
| 175|0x000000070f500000, 0x000000070f600000, 0x000000070f600000|100%| E|CS|TAMS 0x000000070f500000, 0x000000070f500000| Complete 
| 176|0x000000070f600000, 0x000000070f700000, 0x000000070f700000|100%| E|CS|TAMS 0x000000070f600000, 0x000000070f600000| Complete 
| 177|0x000000070f700000, 0x000000070f800000, 0x000000070f800000|100%| E|CS|TAMS 0x000000070f700000, 0x000000070f700000| Complete 
| 178|0x000000070f800000, 0x000000070f900000, 0x000000070f900000|100%| E|CS|TAMS 0x000000070f800000, 0x000000070f800000| Complete 
| 179|0x000000070f900000, 0x000000070fa00000, 0x000000070fa00000|100%| E|CS|TAMS 0x000000070f900000, 0x000000070f900000| Complete 
| 180|0x000000070fa00000, 0x000000070fb00000, 0x000000070fb00000|100%| E|CS|TAMS 0x000000070fa00000, 0x000000070fa00000| Complete 
| 181|0x000000070fb00000, 0x000000070fc00000, 0x000000070fc00000|100%| E|CS|TAMS 0x000000070fb00000, 0x000000070fb00000| Complete 
| 182|0x000000070fc00000, 0x000000070fd00000, 0x000000070fd00000|100%| E|CS|TAMS 0x000000070fc00000, 0x000000070fc00000| Complete 
| 183|0x000000070fd00000, 0x000000070fe00000, 0x000000070fe00000|100%| E|CS|TAMS 0x000000070fd00000, 0x000000070fd00000| Complete 
| 184|0x000000070fe00000, 0x000000070ff00000, 0x000000070ff00000|100%| E|CS|TAMS 0x000000070fe00000, 0x000000070fe00000| Complete 
| 185|0x000000070ff00000, 0x0000000710000000, 0x0000000710000000|100%| E|CS|TAMS 0x000000070ff00000, 0x000000070ff00000| Complete 
| 186|0x0000000710000000, 0x0000000710100000, 0x0000000710100000|100%| E|CS|TAMS 0x0000000710000000, 0x0000000710000000| Complete 
| 187|0x0000000710100000, 0x0000000710200000, 0x0000000710200000|100%| E|CS|TAMS 0x0000000710100000, 0x0000000710100000| Complete 
| 188|0x0000000710200000, 0x0000000710300000, 0x0000000710300000|100%| E|CS|TAMS 0x0000000710200000, 0x0000000710200000| Complete 
| 189|0x0000000710300000, 0x0000000710400000, 0x0000000710400000|100%| E|CS|TAMS 0x0000000710300000, 0x0000000710300000| Complete 
| 190|0x0000000710400000, 0x0000000710500000, 0x0000000710500000|100%| E|CS|TAMS 0x0000000710400000, 0x0000000710400000| Complete 
| 191|0x0000000710500000, 0x0000000710600000, 0x0000000710600000|100%| E|CS|TAMS 0x0000000710500000, 0x0000000710500000| Complete 
| 192|0x0000000710600000, 0x0000000710700000, 0x0000000710700000|100%| E|CS|TAMS 0x0000000710600000, 0x0000000710600000| Complete 
| 193|0x0000000710700000, 0x0000000710800000, 0x0000000710800000|100%| E|CS|TAMS 0x0000000710700000, 0x0000000710700000| Complete 
| 194|0x0000000710800000, 0x0000000710900000, 0x0000000710900000|100%| E|CS|TAMS 0x0000000710800000, 0x0000000710800000| Complete 
| 195|0x0000000710900000, 0x0000000710a00000, 0x0000000710a00000|100%| E|CS|TAMS 0x0000000710900000, 0x0000000710900000| Complete 
| 196|0x0000000710a00000, 0x0000000710b00000, 0x0000000710b00000|100%| E|CS|TAMS 0x0000000710a00000, 0x0000000710a00000| Complete 
| 197|0x0000000710b00000, 0x0000000710c00000, 0x0000000710c00000|100%| E|CS|TAMS 0x0000000710b00000, 0x0000000710b00000| Complete 
| 198|0x0000000710c00000, 0x0000000710d00000, 0x0000000710d00000|100%| E|CS|TAMS 0x0000000710c00000, 0x0000000710c00000| Complete 
| 199|0x0000000710d00000, 0x0000000710e00000, 0x0000000710e00000|100%| E|CS|TAMS 0x0000000710d00000, 0x0000000710d00000| Complete 
| 200|0x0000000710e00000, 0x0000000710f00000, 0x0000000710f00000|100%| E|CS|TAMS 0x0000000710e00000, 0x0000000710e00000| Complete 
| 201|0x0000000710f00000, 0x0000000711000000, 0x0000000711000000|100%| E|CS|TAMS 0x0000000710f00000, 0x0000000710f00000| Complete 
| 202|0x0000000711000000, 0x0000000711100000, 0x0000000711100000|100%| E|CS|TAMS 0x0000000711000000, 0x0000000711000000| Complete 
| 203|0x0000000711100000, 0x0000000711200000, 0x0000000711200000|100%| E|CS|TAMS 0x0000000711100000, 0x0000000711100000| Complete 
| 204|0x0000000711200000, 0x0000000711300000, 0x0000000711300000|100%| E|CS|TAMS 0x0000000711200000, 0x0000000711200000| Complete 
| 205|0x0000000711300000, 0x0000000711400000, 0x0000000711400000|100%| E|CS|TAMS 0x0000000711300000, 0x0000000711300000| Complete 
| 206|0x0000000711400000, 0x0000000711500000, 0x0000000711500000|100%| E|CS|TAMS 0x0000000711400000, 0x0000000711400000| Complete 
| 207|0x0000000711500000, 0x0000000711600000, 0x0000000711600000|100%| E|CS|TAMS 0x0000000711500000, 0x0000000711500000| Complete 
| 208|0x0000000711600000, 0x0000000711700000, 0x0000000711700000|100%| E|CS|TAMS 0x0000000711600000, 0x0000000711600000| Complete 
| 209|0x0000000711700000, 0x0000000711800000, 0x0000000711800000|100%| E|CS|TAMS 0x0000000711700000, 0x0000000711700000| Complete 
| 210|0x0000000711800000, 0x0000000711900000, 0x0000000711900000|100%| E|CS|TAMS 0x0000000711800000, 0x0000000711800000| Complete 
| 211|0x0000000711900000, 0x0000000711a00000, 0x0000000711a00000|100%| E|CS|TAMS 0x0000000711900000, 0x0000000711900000| Complete 
| 212|0x0000000711a00000, 0x0000000711b00000, 0x0000000711b00000|100%| E|CS|TAMS 0x0000000711a00000, 0x0000000711a00000| Complete 
| 213|0x0000000711b00000, 0x0000000711c00000, 0x0000000711c00000|100%| E|CS|TAMS 0x0000000711b00000, 0x0000000711b00000| Complete 
| 214|0x0000000711c00000, 0x0000000711d00000, 0x0000000711d00000|100%| E|CS|TAMS 0x0000000711c00000, 0x0000000711c00000| Complete 
| 215|0x0000000711d00000, 0x0000000711e00000, 0x0000000711e00000|100%| E|CS|TAMS 0x0000000711d00000, 0x0000000711d00000| Complete 
| 216|0x0000000711e00000, 0x0000000711f00000, 0x0000000711f00000|100%| E|CS|TAMS 0x0000000711e00000, 0x0000000711e00000| Complete 
| 217|0x0000000711f00000, 0x0000000712000000, 0x0000000712000000|100%| E|CS|TAMS 0x0000000711f00000, 0x0000000711f00000| Complete 
| 218|0x0000000712000000, 0x0000000712100000, 0x0000000712100000|100%| E|CS|TAMS 0x0000000712000000, 0x0000000712000000| Complete 
| 219|0x0000000712100000, 0x0000000712200000, 0x0000000712200000|100%| E|CS|TAMS 0x0000000712100000, 0x0000000712100000| Complete 
| 220|0x0000000712200000, 0x0000000712300000, 0x0000000712300000|100%| E|CS|TAMS 0x0000000712200000, 0x0000000712200000| Complete 
| 221|0x0000000712300000, 0x0000000712400000, 0x0000000712400000|100%| E|CS|TAMS 0x0000000712300000, 0x0000000712300000| Complete 
| 222|0x0000000712400000, 0x0000000712500000, 0x0000000712500000|100%| E|CS|TAMS 0x0000000712400000, 0x0000000712400000| Complete 
| 223|0x0000000712500000, 0x0000000712600000, 0x0000000712600000|100%| E|CS|TAMS 0x0000000712500000, 0x0000000712500000| Complete 
| 224|0x0000000712600000, 0x0000000712700000, 0x0000000712700000|100%| E|CS|TAMS 0x0000000712600000, 0x0000000712600000| Complete 
| 225|0x0000000712700000, 0x0000000712800000, 0x0000000712800000|100%| E|CS|TAMS 0x0000000712700000, 0x0000000712700000| Complete 
| 226|0x0000000712800000, 0x0000000712900000, 0x0000000712900000|100%| E|CS|TAMS 0x0000000712800000, 0x0000000712800000| Complete 
| 227|0x0000000712900000, 0x0000000712a00000, 0x0000000712a00000|100%| E|CS|TAMS 0x0000000712900000, 0x0000000712900000| Complete 
| 228|0x0000000712a00000, 0x0000000712b00000, 0x0000000712b00000|100%| E|CS|TAMS 0x0000000712a00000, 0x0000000712a00000| Complete 
| 229|0x0000000712b00000, 0x0000000712c00000, 0x0000000712c00000|100%| E|CS|TAMS 0x0000000712b00000, 0x0000000712b00000| Complete 
| 230|0x0000000712c00000, 0x0000000712d00000, 0x0000000712d00000|100%| E|CS|TAMS 0x0000000712c00000, 0x0000000712c00000| Complete 
| 231|0x0000000712d00000, 0x0000000712e00000, 0x0000000712e00000|100%| E|CS|TAMS 0x0000000712d00000, 0x0000000712d00000| Complete 
| 232|0x0000000712e00000, 0x0000000712f00000, 0x0000000712f00000|100%| E|CS|TAMS 0x0000000712e00000, 0x0000000712e00000| Complete 
| 233|0x0000000712f00000, 0x0000000713000000, 0x0000000713000000|100%| E|CS|TAMS 0x0000000712f00000, 0x0000000712f00000| Complete 
| 234|0x0000000713000000, 0x0000000713100000, 0x0000000713100000|100%| E|CS|TAMS 0x0000000713000000, 0x0000000713000000| Complete 
| 235|0x0000000713100000, 0x0000000713200000, 0x0000000713200000|100%| E|CS|TAMS 0x0000000713100000, 0x0000000713100000| Complete 
| 236|0x0000000713200000, 0x0000000713300000, 0x0000000713300000|100%| E|CS|TAMS 0x0000000713200000, 0x0000000713200000| Complete 
| 237|0x0000000713300000, 0x0000000713327ec0, 0x0000000713400000| 15%| S|CS|TAMS 0x0000000713300000, 0x0000000713300000| Complete 
| 238|0x0000000713400000, 0x0000000713500000, 0x0000000713500000|100%| S|CS|TAMS 0x0000000713400000, 0x0000000713400000| Complete 
| 239|0x0000000713500000, 0x0000000713600000, 0x0000000713600000|100%| S|CS|TAMS 0x0000000713500000, 0x0000000713500000| Complete 
| 240|0x0000000713600000, 0x0000000713700000, 0x0000000713700000|100%| S|CS|TAMS 0x0000000713600000, 0x0000000713600000| Complete 
| 241|0x0000000713700000, 0x0000000713800000, 0x0000000713800000|100%| S|CS|TAMS 0x0000000713700000, 0x0000000713700000| Complete 
| 242|0x0000000713800000, 0x0000000713900000, 0x0000000713900000|100%| S|CS|TAMS 0x0000000713800000, 0x0000000713800000| Complete 
| 243|0x0000000713900000, 0x0000000713a00000, 0x0000000713a00000|100%| S|CS|TAMS 0x0000000713900000, 0x0000000713900000| Complete 
| 244|0x0000000713a00000, 0x0000000713b00000, 0x0000000713b00000|100%| S|CS|TAMS 0x0000000713a00000, 0x0000000713a00000| Complete 
| 245|0x0000000713b00000, 0x0000000713c00000, 0x0000000713c00000|100%| E|CS|TAMS 0x0000000713b00000, 0x0000000713b00000| Complete 
| 246|0x0000000713c00000, 0x0000000713d00000, 0x0000000713d00000|100%| E|CS|TAMS 0x0000000713c00000, 0x0000000713c00000| Complete 
| 247|0x0000000713d00000, 0x0000000713e00000, 0x0000000713e00000|100%| E|CS|TAMS 0x0000000713d00000, 0x0000000713d00000| Complete 
| 248|0x0000000713e00000, 0x0000000713f00000, 0x0000000713f00000|100%| E|CS|TAMS 0x0000000713e00000, 0x0000000713e00000| Complete 
| 249|0x0000000713f00000, 0x0000000714000000, 0x0000000714000000|100%| E|CS|TAMS 0x0000000713f00000, 0x0000000713f00000| Complete 
| 250|0x0000000714000000, 0x0000000714100000, 0x0000000714100000|100%| E|CS|TAMS 0x0000000714000000, 0x0000000714000000| Complete 
| 251|0x0000000714100000, 0x0000000714200000, 0x0000000714200000|100%| E|CS|TAMS 0x0000000714100000, 0x0000000714100000| Complete 

Card table byte_map: [0x00000272fd630000,0x00000272fde10000] _byte_map_base: 0x00000272f9e0d000

Marking Bits (Prev, Next): (CMBitMap*) 0x00000272f334f678, (CMBitMap*) 0x00000272f334f6b0
 Prev Bits: [0x000002728f000000, 0x0000027292ee8000)
 Next Bits: [0x0000027292ef0000, 0x0000027296dd8000)

Polling page: 0x00000272f33b0000

Metaspace:

Usage:
  Non-class:     40.26 MB capacity,    39.62 MB ( 98%) used,   518.34 KB (  1%) free+waste,   142.69 KB ( <1%) overhead. 
      Class:      5.93 MB capacity,     5.46 MB ( 92%) used,   412.47 KB (  7%) free+waste,    69.62 KB (  1%) overhead. 
       Both:     46.19 MB capacity,    45.07 MB ( 98%) used,   930.81 KB (  2%) free+waste,   212.31 KB ( <1%) overhead. 

Virtual space:
  Non-class space:       42.00 MB reserved,      40.50 MB ( 96%) committed 
      Class space:        1.00 GB reserved,       6.00 MB ( <1%) committed 
             Both:        1.04 GB reserved,      46.50 MB (  4%) committed 

Chunk freelists:
   Non-Class:  6.38 KB
       Class:  0 bytes
        Both:  6.38 KB

CodeHeap 'non-profiled nmethods': size=120000Kb used=2702Kb max_used=2702Kb free=117297Kb
 bounds [0x0000027287ad0000, 0x0000027287d80000, 0x000002728f000000]
CodeHeap 'profiled nmethods': size=120000Kb used=9885Kb max_used=9885Kb free=110114Kb
 bounds [0x00000272805a0000, 0x0000027280f50000, 0x0000027287ad0000]
CodeHeap 'non-nmethods': size=5760Kb used=1170Kb max_used=1222Kb free=4589Kb
 bounds [0x0000027280000000, 0x0000027280270000, 0x00000272805a0000]
 total_blobs=4761 nmethods=4250 adapters=422
 compilation: enabled
              stopped_count=0, restarted_count=0
 full_count=0

Compilation events (10 events):
Event: 2.903 Thread 0x000002729995f800 4238       4       org.springframework.boot.autoconfigure.condition.ConditionEvaluationReport$$Lambda$783/0x00000008005eb840::accept (20 bytes)
Event: 2.904 Thread 0x000002729995f800 nmethod 4238 0x0000027287d6a690 code [0x0000027287d6a820, 0x0000027287d6a948]
Event: 2.905 Thread 0x00000272ffcbf800 4248       3       org.springframework.context.support.AbstractApplicationContext::assertBeanFactoryActive (81 bytes)
Event: 2.905 Thread 0x000002729995f800 4249   !   4       org.springframework.beans.factory.support.DefaultSingletonBeanRegistry::getSingleton (147 bytes)
Event: 2.905 Thread 0x00000272ffcbf800 nmethod 4248 0x0000027280f44c10 code [0x0000027280f44f40, 0x0000027280f46258]
Event: 2.905 Thread 0x00000272ffcbf800 4250       3       java.util.ArrayList::sort (45 bytes)
Event: 2.906 Thread 0x00000272ffcbf800 nmethod 4250 0x0000027280f46890 code [0x0000027280f46a40, 0x0000027280f46cb8]
Event: 2.908 Thread 0x00000272ffcbf800 4251       3       java.lang.Exception::<init> (6 bytes)
Event: 2.908 Thread 0x00000272ffcbf800 nmethod 4251 0x0000027280f46e10 code [0x0000027280f46fe0, 0x0000027280f47428]
Event: 2.920 Thread 0x000002729995f800 nmethod 4249 0x0000027287d6aa90 code [0x0000027287d6ad00, 0x0000027287d6c140]

GC Heap History (10 events):
Event: 0.542 GC heap before
{Heap before GC invocations=0 (full 0):
 garbage-first heap   total 258048K, used 23552K [0x0000000704600000, 0x0000000800000000)
  region size 1024K, 24 young (24576K), 0 survivors (0K)
 Metaspace       used 13100K, capacity 13355K, committed 13440K, reserved 1060864K
  class space    used 1330K, capacity 1408K, committed 1408K, reserved 1048576K
}
Event: 0.545 GC heap after
{Heap after GC invocations=1 (full 0):
 garbage-first heap   total 258048K, used 5036K [0x0000000704600000, 0x0000000800000000)
  region size 1024K, 3 young (3072K), 3 survivors (3072K)
 Metaspace       used 13100K, capacity 13355K, committed 13440K, reserved 1060864K
  class space    used 1330K, capacity 1408K, committed 1408K, reserved 1048576K
}
Event: 0.933 GC heap before
{Heap before GC invocations=1 (full 0):
 garbage-first heap   total 258048K, used 40876K [0x0000000704600000, 0x0000000800000000)
  region size 1024K, 39 young (39936K), 3 survivors (3072K)
 Metaspace       used 20680K, capacity 21108K, committed 21248K, reserved 1069056K
  class space    used 2309K, capacity 2480K, committed 2560K, reserved 1048576K
}
Event: 0.937 GC heap after
{Heap after GC invocations=2 (full 0):
 garbage-first heap   total 258048K, used 6705K [0x0000000704600000, 0x0000000800000000)
  region size 1024K, 5 young (5120K), 5 survivors (5120K)
 Metaspace       used 20680K, capacity 21108K, committed 21248K, reserved 1069056K
  class space    used 2309K, capacity 2480K, committed 2560K, reserved 1048576K
}
Event: 1.177 GC heap before
{Heap before GC invocations=3 (full 0):
 garbage-first heap   total 258048K, used 45617K [0x0000000704600000, 0x0000000800000000)
  region size 1024K, 44 young (45056K), 5 survivors (5120K)
 Metaspace       used 26997K, capacity 27611K, committed 27648K, reserved 1073152K
  class space    used 3115K, capacity 3322K, committed 3328K, reserved 1048576K
}
Event: 1.181 GC heap after
{Heap after GC invocations=4 (full 0):
 garbage-first heap   total 258048K, used 8673K [0x0000000704600000, 0x0000000800000000)
  region size 1024K, 4 young (4096K), 4 survivors (4096K)
 Metaspace       used 26997K, capacity 27611K, committed 27648K, reserved 1073152K
  class space    used 3115K, capacity 3322K, committed 3328K, reserved 1048576K
}
Event: 1.752 GC heap before
{Heap before GC invocations=4 (full 0):
 garbage-first heap   total 258048K, used 72161K [0x0000000704600000, 0x0000000800000000)
  region size 1024K, 66 young (67584K), 4 survivors (4096K)
 Metaspace       used 33797K, capacity 34645K, committed 34816K, reserved 1079296K
  class space    used 3991K, capacity 4317K, committed 4352K, reserved 1048576K
}
Event: 1.755 GC heap after
{Heap after GC invocations=5 (full 0):
 garbage-first heap   total 258048K, used 11685K [0x0000000704600000, 0x0000000800000000)
  region size 1024K, 7 young (7168K), 7 survivors (7168K)
 Metaspace       used 33797K, capacity 34645K, committed 34816K, reserved 1079296K
  class space    used 3991K, capacity 4317K, committed 4352K, reserved 1048576K
}
Event: 1.840 GC heap before
{Heap before GC invocations=5 (full 0):
 garbage-first heap   total 258048K, used 17829K [0x0000000704600000, 0x0000000800000000)
  region size 1024K, 14 young (14336K), 7 survivors (7168K)
 Metaspace       used 34978K, capacity 35801K, committed 35840K, reserved 1081344K
  class space    used 4143K, capacity 4450K, committed 4480K, reserved 1048576K
}
Event: 1.844 GC heap after
{Heap after GC invocations=6 (full 0):
 garbage-first heap   total 258048K, used 12208K [0x0000000704600000, 0x0000000800000000)
  region size 1024K, 8 young (8192K), 8 survivors (8192K)
 Metaspace       used 34978K, capacity 35801K, committed 35840K, reserved 1081344K
  class space    used 4143K, capacity 4450K, committed 4480K, reserved 1048576K
}

Deoptimization events (10 events):
Event: 2.517 Thread 0x0000027299698800 Uncommon trap: reason=class_check action=maybe_recompile pc=0x0000027287c67194 method=org.springframework.beans.factory.support.AbstractBeanFactory.isTypeMatch(Ljava/lang/String;Lorg/springframework/core/ResolvableType;Z)Z @ 53 c2
Event: 2.517 Thread 0x0000027299698800 Uncommon trap: reason=class_check action=maybe_recompile pc=0x0000027287c67194 method=org.springframework.beans.factory.support.AbstractBeanFactory.isTypeMatch(Ljava/lang/String;Lorg/springframework/core/ResolvableType;Z)Z @ 53 c2
Event: 2.534 Thread 0x0000027299698800 Uncommon trap: reason=unstable_if action=reinterpret pc=0x0000027287c317f0 method=sun.reflect.annotation.AnnotationInvocationHandler.invoke(Ljava/lang/Object;Ljava/lang/reflect/Method;[Ljava/lang/Object;)Ljava/lang/Object; @ 76 c2
Event: 2.593 Thread 0x0000027299698800 Uncommon trap: reason=unstable_if action=reinterpret pc=0x0000027287bd2cb0 method=java.util.concurrent.ConcurrentHashMap.transfer([Ljava/util/concurrent/ConcurrentHashMap$Node;[Ljava/util/concurrent/ConcurrentHashMap$Node;)V @ 352 c2
Event: 2.623 Thread 0x0000027299698800 Uncommon trap: reason=unstable_if action=reinterpret pc=0x0000027287c538e4 method=java.util.concurrent.ConcurrentHashMap.get(Ljava/lang/Object;)Ljava/lang/Object; @ 86 c2
Event: 2.676 Thread 0x0000027299698800 Uncommon trap: reason=unstable_if action=reinterpret pc=0x0000027287c5e434 method=java.lang.PublicMethods$MethodList.filter([Ljava/lang/reflect/Method;Ljava/lang/String;[Ljava/lang/Class;Z)Ljava/lang/PublicMethods$MethodList; @ 43 c2
Event: 2.742 Thread 0x0000027299698800 Uncommon trap: reason=unstable_if action=reinterpret pc=0x0000027287d07d24 method=org.springframework.beans.factory.support.AbstractBeanFactory.isTypeMatch(Ljava/lang/String;Lorg/springframework/core/ResolvableType;Z)Z @ 34 c2
Event: 2.767 Thread 0x0000027299698800 Uncommon trap: reason=unstable_if action=reinterpret pc=0x0000027287bc7450 method=java.util.concurrent.ConcurrentHashMap.transfer([Ljava/util/concurrent/ConcurrentHashMap$Node;[Ljava/util/concurrent/ConcurrentHashMap$Node;)V @ 352 c2
Event: 2.775 Thread 0x0000027299698800 Uncommon trap: reason=unstable_if action=reinterpret pc=0x0000027287c4f8f4 method=org.springframework.beans.factory.support.DefaultSingletonBeanRegistry.getSingleton(Ljava/lang/String;Z)Ljava/lang/Object; @ 39 c2
Event: 2.898 Thread 0x0000027299698800 Uncommon trap: reason=unstable_if action=reinterpret pc=0x0000027287b7495c method=org.springframework.util.ConcurrentReferenceHashMap$Segment.clear()V @ 7 c2

Classes redefined (0 events):
No events

Internal exceptions (10 events):
Event: 2.562 Thread 0x0000027299698800 Exception <a 'java/lang/NoSuchMethodError'{0x0000000710304128}: java.lang.invoke.DirectMethodHandle$Holder.invokeVirtual(Ljava/lang/Object;Ljava/lang/Object;Ljava/lang/Object;Ljava/lang/Object;)V> (0x0000000710304128) thrown at [./open/src/hotspot/share/i
Event: 2.633 Thread 0x0000027299698800 Exception <a 'java/lang/NoSuchMethodError'{0x000000070febc1d8}: java.lang.invoke.DirectMethodHandle$Holder.invokeVirtual(Ljava/lang/Object;Ljava/lang/Object;I)V> (0x000000070febc1d8) thrown at [./open/src/hotspot/share/interpreter/linkResolver.cpp, line 7
Event: 2.634 Thread 0x0000027299698800 Exception <a 'java/lang/NoSuchMethodError'{0x000000070fed69d8}: java.lang.invoke.DirectMethodHandle$Holder.invokeVirtual(Ljava/lang/Object;Ljava/lang/Object;J)V> (0x000000070fed69d8) thrown at [./open/src/hotspot/share/interpreter/linkResolver.cpp, line 7
Event: 2.678 Thread 0x0000027299698800 Exception <a 'java/lang/NoSuchMethodError'{0x000000070fbe4480}: java.lang.invoke.DirectMethodHandle$Holder.newInvokeSpecial(Ljava/lang/Object;Ljava/lang/Object;Ljava/lang/Object;Ljava/lang/Object;Ljava/lang/Object;)Ljava/lang/Object;> (0x000000070fbe4480)
Event: 2.746 Thread 0x0000027299698800 Exception <a 'java/lang/IncompatibleClassChangeError'{0x000000070f63e200}: Found class java.lang.Object, but interface was expected> (0x000000070f63e200) thrown at [./open/src/hotspot/share/interpreter/linkResolver.cpp, line 838]
Event: 2.770 Thread 0x0000027299698800 Exception <a 'java/lang/NoSuchMethodError'{0x000000070f5de570}: java.lang.invoke.DirectMethodHandle$Holder.invokeStaticInit(Ljava/lang/Object;Ljava/lang/Object;Ljava/lang/Object;Ljava/lang/Object;)I> (0x000000070f5de570) thrown at [./open/src/hotspot/shar
Event: 2.872 Thread 0x0000027299698800 Exception <a 'java/lang/NoSuchMethodError'{0x000000070ec92c10}: java.lang.invoke.DirectMethodHandle$Holder.invokeSpecial(Ljava/lang/Object;Ljava/lang/Object;ILjava/lang/Object;ILjava/lang/Object;)Ljava/lang/Object;> (0x000000070ec92c10) thrown at [./open/
Event: 2.873 Thread 0x0000027299698800 Exception <a 'java/lang/NoSuchMethodError'{0x000000070ec9a398}: java.lang.invoke.DirectMethodHandle$Holder.invokeStatic(Ljava/lang/Object;Ljava/lang/Object;ILjava/lang/Object;I)Ljava/lang/Object;> (0x000000070ec9a398) thrown at [./open/src/hotspot/share/i
Event: 2.874 Thread 0x0000027299698800 Exception <a 'java/lang/NoSuchMethodError'{0x000000070ec9db70}: java.lang.invoke.DirectMethodHandle$Holder.invokeSpecial(Ljava/lang/Object;Ljava/lang/Object;Ljava/lang/Object;ILjava/lang/Object;I)Ljava/lang/Object;> (0x000000070ec9db70) thrown at [./open/
Event: 2.876 Thread 0x0000027299698800 Exception <a 'java/lang/NoSuchMethodError'{0x000000070ecaa430}: java.lang.invoke.DirectMethodHandle$Holder.invokeVirtual(Ljava/lang/Object;Ljava/lang/Object;)V> (0x000000070ecaa430) thrown at [./open/src/hotspot/share/interpreter/linkResolver.cpp, line 77

Events (10 events):
Event: 2.906 loading class org/springframework/boot/system/JavaVersion done
Event: 2.908 loading class java/util/stream/LongStream
Event: 2.908 loading class java/util/stream/LongStream done
Event: 2.908 loading class java/util/function/ToDoubleFunction
Event: 2.908 loading class java/util/function/ToDoubleFunction done
Event: 2.908 loading class java/util/stream/DoubleStream
Event: 2.909 loading class java/util/stream/DoubleStream done
Event: 2.909 Thread 0x0000027298f57800 Thread exited: 0x0000027298f57800
Event: 2.909 Thread 0x00000272f32ee000 Thread exited: 0x00000272f32ee000
Event: 2.909 Thread 0x000002729d698000 Thread added: 0x000002729d698000


Dynamic libraries:
0x00007ff60adc0000 - 0x00007ff60add0000 	C:\Program Files\Java\jdk-11\bin\java.exe
0x00007ffd99430000 - 0x00007ffd99647000 	C:\windows\SYSTEM32\ntdll.dll
0x00007ffd978a0000 - 0x00007ffd97964000 	C:\windows\System32\KERNEL32.DLL
0x00007ffd96b50000 - 0x00007ffd96efd000 	C:\windows\System32\KERNELBASE.dll
0x00007ffd97040000 - 0x00007ffd97151000 	C:\windows\System32\ucrtbase.dll
0x00007ffd869a0000 - 0x00007ffd869b9000 	C:\Program Files\Java\jdk-11\bin\jli.dll
0x00007ffd98050000 - 0x00007ffd98102000 	C:\windows\System32\ADVAPI32.dll
0x00007ffd86be0000 - 0x00007ffd86bfb000 	C:\Program Files\Java\jdk-11\bin\VCRUNTIME140.dll
0x00007ffd98120000 - 0x00007ffd981c7000 	C:\windows\System32\msvcrt.dll
0x00007ffd97460000 - 0x00007ffd97509000 	C:\windows\System32\sechost.dll
0x00007ffd96f00000 - 0x00007ffd96f28000 	C:\windows\System32\bcrypt.dll
0x00007ffd98ba0000 - 0x00007ffd98cb4000 	C:\windows\System32\RPCRT4.dll
0x00007ffd972b0000 - 0x00007ffd9745e000 	C:\windows\System32\USER32.dll
0x00007ffd96940000 - 0x00007ffd96966000 	C:\windows\System32\win32u.dll
0x00007ffd979d0000 - 0x00007ffd979f9000 	C:\windows\System32\GDI32.dll
0x00007ffd88ed0000 - 0x00007ffd89163000 	C:\windows\WinSxS\amd64_microsoft.windows.common-controls_6595b64144ccf1df_6.0.22621.3672_none_2713b9d173822955\COMCTL32.dll
0x00007ffd96970000 - 0x00007ffd96a89000 	C:\windows\System32\gdi32full.dll
0x00007ffd96fa0000 - 0x00007ffd9703a000 	C:\windows\System32\msvcp_win.dll
0x00007ffd85f40000 - 0x00007ffd85f4a000 	C:\windows\SYSTEM32\VERSION.dll
0x00007ffd990d0000 - 0x00007ffd99101000 	C:\windows\System32\IMM32.DLL
0x00007ffd8d450000 - 0x00007ffd8d45c000 	C:\Program Files\Java\jdk-11\bin\vcruntime140_1.dll
0x00007ffd7eed0000 - 0x00007ffd7ef5e000 	C:\Program Files\Java\jdk-11\bin\msvcp140.dll
0x00007ffd5c170000 - 0x00007ffd5ccce000 	C:\Program Files\Java\jdk-11\bin\server\jvm.dll
0x00007ffd99110000 - 0x00007ffd99118000 	C:\windows\System32\PSAPI.DLL
0x00007ffd82000000 - 0x00007ffd82009000 	C:\windows\SYSTEM32\WSOCK32.dll
0x00007ffd83d40000 - 0x00007ffd83d74000 	C:\windows\SYSTEM32\WINMM.dll
0x00007ffd97b40000 - 0x00007ffd97bb1000 	C:\windows\System32\WS2_32.dll
0x00007ffd95780000 - 0x00007ffd95798000 	C:\windows\SYSTEM32\kernel.appcore.dll
0x00007ffd8bd00000 - 0x00007ffd8bd10000 	C:\Program Files\Java\jdk-11\bin\verify.dll
0x00007ffd82550000 - 0x00007ffd82782000 	C:\windows\SYSTEM32\DBGHELP.DLL
0x00007ffd97510000 - 0x00007ffd9789d000 	C:\windows\System32\combase.dll
0x00007ffd97a00000 - 0x00007ffd97ad7000 	C:\windows\System32\OLEAUT32.dll
0x00007ffd81f90000 - 0x00007ffd81fc2000 	C:\windows\SYSTEM32\dbgcore.DLL
0x00007ffd96750000 - 0x00007ffd967cb000 	C:\windows\System32\bcryptPrimitives.dll
0x00007ffd82080000 - 0x00007ffd820a8000 	C:\Program Files\Java\jdk-11\bin\java.dll
0x00007ffd89db0000 - 0x00007ffd89dba000 	C:\Program Files\Java\jdk-11\bin\jimage.dll
0x00007ffd83c70000 - 0x00007ffd83c7e000 	C:\Program Files\Java\jdk-11\bin\instrument.dll
0x00007ffd86980000 - 0x00007ffd86997000 	C:\Program Files\Java\jdk-11\bin\zip.dll
0x00007ffd98330000 - 0x00007ffd98b98000 	C:\windows\System32\SHELL32.dll
0x00007ffd94650000 - 0x00007ffd94f4e000 	C:\windows\SYSTEM32\windows.storage.dll
0x00007ffd94510000 - 0x00007ffd9464f000 	C:\windows\SYSTEM32\wintypes.dll
0x00007ffd97160000 - 0x00007ffd97259000 	C:\windows\System32\SHCORE.dll
0x00007ffd99390000 - 0x00007ffd993ee000 	C:\windows\System32\shlwapi.dll
0x00007ffd96680000 - 0x00007ffd966a1000 	C:\windows\SYSTEM32\profapi.dll
0x00007ffd82140000 - 0x00007ffd82159000 	C:\Program Files\Java\jdk-11\bin\net.dll
0x00007ffd91550000 - 0x00007ffd91686000 	C:\windows\SYSTEM32\WINHTTP.dll
0x00007ffd95c90000 - 0x00007ffd95cf9000 	C:\windows\system32\mswsock.dll
0x00007ffd82060000 - 0x00007ffd82072000 	C:\Program Files\Java\jdk-11\bin\nio.dll
0x00007ffd7f2f0000 - 0x00007ffd7f30a000 	C:\Users\user\Desktop\course\intelij\bin\breakgen64.dll
0x00007ffd83c40000 - 0x00007ffd83c49000 	C:\Program Files\Java\jdk-11\bin\management.dll
0x00007ffd831e0000 - 0x00007ffd831eb000 	C:\Program Files\Java\jdk-11\bin\management_ext.dll
0x00007ffd7fa70000 - 0x00007ffd7fa87000 	C:\windows\system32\napinsp.dll
0x00007ffd7caa0000 - 0x00007ffd7cabb000 	C:\windows\system32\pnrpnsp.dll
0x00007ffd95220000 - 0x00007ffd95318000 	C:\windows\SYSTEM32\DNSAPI.dll
0x00007ffd951f0000 - 0x00007ffd9521d000 	C:\windows\SYSTEM32\IPHLPAPI.DLL
0x00007ffd98110000 - 0x00007ffd98119000 	C:\windows\System32\NSI.dll
0x00007ffd7ca80000 - 0x00007ffd7ca91000 	C:\windows\System32\winrnr.dll
0x00007ffd7ca60000 - 0x00007ffd7ca75000 	C:\windows\system32\wshbth.dll
0x00007ffd7ca30000 - 0x00007ffd7ca57000 	C:\windows\system32\nlansp_c.dll
0x00007ffd8fc40000 - 0x00007ffd8fc4a000 	C:\Windows\System32\rasadhlp.dll
0x00007ffd90040000 - 0x00007ffd900c3000 	C:\windows\System32\fwpuclnt.dll
0x00007ffd95fe0000 - 0x00007ffd95ffb000 	C:\windows\SYSTEM32\CRYPTSP.dll
0x00007ffd95720000 - 0x00007ffd95755000 	C:\windows\system32\rsaenh.dll
0x00007ffd95d30000 - 0x00007ffd95d58000 	C:\windows\SYSTEM32\USERENV.dll
0x00007ffd95fc0000 - 0x00007ffd95fcc000 	C:\windows\SYSTEM32\CRYPTBASE.dll
0x00007ffd912c0000 - 0x00007ffd912d9000 	C:\windows\SYSTEM32\dhcpcsvc6.DLL
0x00007ffd912a0000 - 0x00007ffd912bf000 	C:\windows\SYSTEM32\dhcpcsvc.DLL
0x00007ffd7f2c0000 - 0x00007ffd7f2e7000 	C:\Program Files\Java\jdk-11\bin\sunec.dll
0x00007ffd7f2b0000 - 0x00007ffd7f2be000 	C:\Program Files\Java\jdk-11\bin\sunmscapi.dll
0x00007ffd967d0000 - 0x00007ffd96937000 	C:\windows\System32\CRYPT32.dll
0x00007ffd96100000 - 0x00007ffd9612e000 	C:\windows\SYSTEM32\ncrypt.dll
0x00007ffd960c0000 - 0x00007ffd960f7000 	C:\windows\SYSTEM32\NTASN1.dll

dbghelp: loaded successfully - version: 4.0.5 - missing functions: none
symbol engine: initialized successfully - sym options: 0x614 - pdb path: .;C:\Program Files\Java\jdk-11\bin;C:\windows\SYSTEM32;C:\windows\WinSxS\amd64_microsoft.windows.common-controls_6595b64144ccf1df_6.0.22621.3672_none_2713b9d173822955;C:\Program Files\Java\jdk-11\bin\server;C:\Users\user\Desktop\course\intelij\bin

VM Arguments:
jvm_args: -javaagent:C:\Users\user\Desktop\course\intelij\lib\idea_rt.jar=65511:C:\Users\user\Desktop\course\intelij\bin -Dfile.encoding=UTF-8 
java_command: com.simple.basic.BootBasicApplication
java_class_path (initial): C:\Users\user\Desktop\course\intelij\workspace\BootBasic\out\production\classes;C:\Users\user\Desktop\course\intelij\workspace\BootBasic\out\production\resources;C:\Users\user\.gradle\caches\modules-2\files-2.1\org.springframework.boot\spring-boot-starter-thymeleaf\2.7.18\c87a27e30720c43372ceb0476b5b00c6f5296df3\spring-boot-starter-thymeleaf-2.7.18.jar;C:\Users\user\.gradle\caches\modules-2\files-2.1\org.springframework.boot\spring-boot-starter-web\2.7.18\dd62ea85098187b4604e78dc15a7ff87dba173d\spring-boot-starter-web-2.7.18.jar;C:\Users\user\.gradle\caches\modules-2\files-2.1\org.springframework.boot\spring-boot-starter-validation\2.7.18\5c37e1806f7b09b2c0efc7317fbe16be65ced66e\spring-boot-starter-validation-2.7.18.jar;C:\Users\user\.gradle\caches\modules-2\files-2.1\org.mybatis.spring.boot\mybatis-spring-boot-starter\2.2.0\1543d9566e2acaa7230cd8996237a291603ac21f\mybatis-spring-boot-starter-2.2.0.jar;C:\Users\user\.gradle\caches\modules-2\files-2.1\com.mysql\mysql-connector-j\8.0.33\9e64d997873abc4318620264703d3fdb6b02dd5a\mysql-connector-j-8.0.33.jar;C:\Users\user\.gradle\caches\modules-2\files-2.1\org.bgee.log4jdbc-log4j2\log4jdbc-log4j2-jdbc4.1\1.16\ce7cd831b2e3e5d428e659a6fdae0fb6b89f3cc7\log4jdbc-log4j2-jdbc4.1-1.16.jar;C:\Users\user\.gradle\caches\modules-2\files-2.1\org.springframework.boot\spring-boot-starter\2.7.18\e56b75105f9ace6df154fd47eeeeadc2f5791e56\spring-boot-starter-2.7.18.jar;C:\Users\user\.gradle\caches\modules-2\files-2.1\org.thymeleaf\thymeleaf-spring5\3.0.15.RELEASE\7170e1bcd1588d38c139f7048ebcc262676441c3\thymeleaf-spring5-3.0.15.RELEASE.jar;C:\Users\user\.gradle\caches\modules-2\files-2.1\org.thymeleaf.extras\thymeleaf-extras-java8time\3.0.4.RELEASE\36e7175ddce36c486fff4578b5af7bb32f54f5df\thymeleaf-extras-java8time-3.0.4.RELEASE.jar;C:\Users\user\.gradle\caches\modules-2\files-2.1\org.springframework.boot\spring-boot-starter-json\2.7.18\b6d9ed5cae0c1929a9e561bf4799a3dc93a10db1\spring-boot-starter-json-2.7.18.j
Launcher Type: SUN_STANDARD

[Global flags]
     intx CICompilerCount                          = 4                                         {product} {ergonomic}
     uint ConcGCThreads                            = 3                                         {product} {ergonomic}
     uint G1ConcRefinementThreads                  = 10                                        {product} {ergonomic}
   size_t G1HeapRegionSize                         = 1048576                                   {product} {ergonomic}
    uintx GCDrainStackTargetSize                   = 64                                        {product} {ergonomic}
   size_t InitialHeapSize                          = 264241152                                 {product} {ergonomic}
   size_t MarkStackSize                            = 4194304                                   {product} {ergonomic}
   size_t MaxHeapSize                              = 4221566976                                {product} {ergonomic}
   size_t MaxNewSize                               = 2532311040                                {product} {ergonomic}
   size_t MinHeapDeltaBytes                        = 1048576                                   {product} {ergonomic}
    uintx NonNMethodCodeHeapSize                   = 5836300                                {pd product} {ergonomic}
    uintx NonProfiledCodeHeapSize                  = 122910970                              {pd product} {ergonomic}
    uintx ProfiledCodeHeapSize                     = 122910970                              {pd product} {ergonomic}
    uintx ReservedCodeCacheSize                    = 251658240                              {pd product} {ergonomic}
     bool SegmentedCodeCache                       = true                                      {product} {ergonomic}
     bool UseCompressedClassPointers               = true                                 {lp64_product} {ergonomic}
     bool UseCompressedOops                        = true                                 {lp64_product} {ergonomic}
     bool UseG1GC                                  = true                                      {product} {ergonomic}
     bool UseLargePagesIndividualAllocation        = false                                  {pd product} {ergonomic}

Logging:
Log output configuration:
 #0: stdout all=warning uptime,level,tags
 #1: stderr all=off uptime,level,tags

Environment Variables:
PATH=C:\oraclexe\app\oracle\product\11.2.0\server\bin;;C:\Program Files\Common Files\Oracle\Java\javapath;C:\windows\system32;C:\windows;C:\windows\System32\Wbem;C:\windows\System32\WindowsPowerShell\v1.0\;C:\windows\System32\OpenSSH\;C:\Program Files\Bandizip\;C:\Program Files\Git\cmd;C:\Program Files\nodejs\;C:\Users\user\AppData\Local\Microsoft\WindowsApps;C:\Users\user\AppData\Local\Programs\Microsoft VS Code\bin;C:\Users\user\AppData\Roaming\npm
USERNAME=user
OS=Windows_NT
PROCESSOR_IDENTIFIER=Intel64 Family 6 Model 151 Stepping 2, GenuineIntel



---------------  S Y S T E M  ---------------

OS: Windows 11 , 64 bit Build 22621 (10.0.22621.3958)
Hyper-V role detected

CPU:total 12 (initial active 12) (6 cores per cpu, 2 threads per core) family 6 model 151 stepping 2 microcode 0x1e, cmov, cx8, fxsr, mmx, sse, sse2, sse3, ssse3, sse4.1, sse4.2, popcnt, avx, avx2, aes, clmul, erms, 3dnowpref, lzcnt, ht, tsc, tscinvbit, bmi1, bmi2, adx, sha, fma

Memory: 4k page, system-wide physical 16098M (2864M free)
TotalPageFile size 44470M (AvailPageFile size 7M)
current process WorkingSet (physical memory assigned to process): 287M, peak: 287M
current process commit charge ("private bytes"): 490M, peak: 498M

vm_info: Java HotSpot(TM) 64-Bit Server VM (11.0.23+7-LTS-222) for windows-amd64 JRE (11.0.23+7-LTS-222), built on Mar 11 2024 22:13:52 by "mach5one" with MS VC++ 17.6 (VS2022)

END.
